[2025-09-23 14:39:45.201] [info] [48242633] 🚀 Starting InstantDB Server
[2025-09-23 14:39:45.202] [info] [48242633] =====================================
[2025-09-23 14:39:45.202] [info] [48242633] 📦 Initializing Storage Engine...
[2025-09-23 14:39:45.203] [info] [48242633] Read 0 entries from WAL
[2025-09-23 14:39:45.203] [info] [48242633] WAL initialized at ./instantdb_data/wal/wal.log with next sequence 1
[2025-09-23 14:39:45.203] [info] [48242633] Read 0 entries from WAL
[2025-09-23 14:39:45.203] [info] [48242633] Recovering 0 WAL entries
[2025-09-23 14:39:45.203] [info] [48242633] WAL recovery complete
[2025-09-23 14:39:45.203] [info] [48242633] Storage engine initialized with 0 tables
[2025-09-23 14:39:45.203] [info] [48242633] ✅ Storage Engine ready
[2025-09-23 14:39:45.203] [info] [48242633] 📡 Initializing Changefeed Engine...
[2025-09-23 14:39:45.203] [info] [48242633] Changefeed engine initializing
[2025-09-23 14:39:45.203] [info] [48242633] Changefeed engine started
[2025-09-23 14:39:45.203] [info] [48242633] ✅ Changefeed Engine ready
[2025-09-23 14:39:45.203] [info] [48242633] 🔗 Storage Engine linked to Changefeed Engine for automatic event emission
[2025-09-23 14:39:45.203] [info] [48242633] 🔍 Initializing SQL Engine...
[2025-09-23 14:39:45.203] [info] [48242633] SQL Engine initialized
[2025-09-23 14:39:45.203] [info] [48242633] ✅ SQL Engine ready with changefeed support
[2025-09-23 14:39:45.203] [info] [48242633] ⚡ Initializing WASM Engine...
[2025-09-23 14:39:45.203] [debug] [48242729] Changefeed delivery loop started
[2025-09-23 14:39:45.203] [info] [48242633] Initializing WASM Engine
[2025-09-23 14:39:45.203] [info] [48242633] WASM Engine initialized successfully
[2025-09-23 14:39:45.203] [info] [48242633] ✅ WASM Engine ready
[2025-09-23 14:39:45.203] [info] [48242633] 🔔 Initializing WASM Subscription Manager...
[2025-09-23 14:39:45.203] [info] [48242633] Initializing WASM subscription manager
[2025-09-23 14:39:45.203] [info] [48242633] Created subscription sub-1 with filter table=*
[2025-09-23 14:39:45.203] [debug] [48242633] Registered callback for subscription sub-1
[2025-09-23 14:39:45.203] [info] [48242633] Starting WASM subscription manager
[2025-09-23 14:39:45.203] [info] [48242633] ✅ WASM Subscription Manager ready
[2025-09-23 14:39:45.203] [info] [48242633] 📋 Initializing SQL Subscription Manager...
[2025-09-23 14:39:45.203] [info] [48242633] ✅ SQL Subscription Manager ready
[2025-09-23 14:39:45.203] [info] [48242633] 🌐 Initializing WebSocket Server...
[2025-09-23 14:39:45.203] [info] [48242633] WebSocket server created on port 8083
[2025-09-23 14:39:45.203] [info] [48242633] WebSocket server connected to changefeed engine
[2025-09-23 14:39:45.203] [info] [48242633] Created subscription sub-2 with filter table=*
[2025-09-23 14:39:45.203] [debug] [48242633] Registered callback for subscription sub-2
[2025-09-23 14:39:45.203] [info] [48242633] WebSocket server subscribed to all changefeed events (subscription: sub-2)
[2025-09-23 14:39:45.203] [info] [48242633] WebSocket server connected to WASM subscription manager
[2025-09-23 14:39:45.203] [info] [48242633] WebSocket server connected to SQL subscription manager
[2025-09-23 14:39:45.203] [info] [48242633] WebSocket server connected to SQL engine
[2025-09-23 14:39:45.203] [info] [48242633] WebSocket server connected to storage engine
[2025-09-23 14:39:45.203] [info] [48242633] WebSocket server started on port 8083
[2025-09-23 14:39:45.203] [info] [48242633] ✅ WebSocket Server ready on 0.0.0.0:8083
[2025-09-23 14:39:45.203] [info] [48242633] 🔌 Initializing gRPC Server...
[2025-09-23 14:39:45.204] [info] [48242731] WebSocket server listening on port 8083
[2025-09-23 14:39:45.206] [info] [48242633] gRPC server listening on 0.0.0.0:50053
[2025-09-23 14:39:45.206] [info] [48242633] ✅ gRPC Server ready on 0.0.0.0:50053
[2025-09-23 14:39:45.206] [info] [48242633] 
[2025-09-23 14:39:45.206] [info] [48242633] 🎯 InstantDB Server fully initialized!
[2025-09-23 14:39:45.206] [info] [48242633] =====================================
[2025-09-23 14:39:45.206] [info] [48242633] 📊 Server Status:
[2025-09-23 14:39:45.206] [info] [48242633]   Storage: 0 tables
[2025-09-23 14:39:45.206] [info] [48242633]   WebSocket: 0 active connections
[2025-09-23 14:39:45.206] [info] [48242633]   Changefeed: 2 active subscriptions
[2025-09-23 14:39:45.206] [info] [48242633]   WASM: 0 loaded modules
[2025-09-23 14:39:45.206] [info] [48242633]   WASM Subscriptions: 0 active
[2025-09-23 14:39:45.206] [info] [48242633] 
[2025-09-23 14:39:45.206] [info] [48242633] 🔗 Endpoints:
[2025-09-23 14:39:45.206] [info] [48242633]   WebSocket: ws://localhost:8083
[2025-09-23 14:39:45.206] [info] [48242633]   gRPC API: localhost:50053
[2025-09-23 14:39:45.206] [info] [48242633] 
[2025-09-23 14:39:45.206] [info] [48242633] 💡 Server running - send SIGINT (Ctrl+C) to shutdown gracefully
[2025-09-23 14:40:16.309] [info] [48242633] 📈 Server Stats: 0 tables, 0 rows, 0 bytes, 0 WS connections, 2 subscriptions, 0 events, 0 modules
[2025-09-23 14:40:46.376] [info] [48242633] 📈 Server Stats: 0 tables, 0 rows, 0 bytes, 0 WS connections, 2 subscriptions, 0 events, 0 modules
[2025-09-23 14:41:16.480] [info] [48242633] 📈 Server Stats: 0 tables, 0 rows, 0 bytes, 0 WS connections, 2 subscriptions, 0 events, 0 modules
[2025-09-23 14:41:46.568] [info] [48242633] 📈 Server Stats: 0 tables, 0 rows, 0 bytes, 0 WS connections, 2 subscriptions, 0 events, 0 modules
[2025-09-23 14:42:16.666] [info] [48242633] 📈 Server Stats: 0 tables, 0 rows, 0 bytes, 0 WS connections, 2 subscriptions, 0 events, 0 modules
[2025-09-23 14:42:46.749] [info] [48242633] 📈 Server Stats: 0 tables, 0 rows, 0 bytes, 0 WS connections, 2 subscriptions, 0 events, 0 modules
[2025-09-23 14:43:16.832] [info] [48242633] 📈 Server Stats: 0 tables, 0 rows, 0 bytes, 0 WS connections, 2 subscriptions, 0 events, 0 modules
[2025-09-23 14:43:22.615] [error] [48242751] WasmGrpcServiceImpl::ListModules ENTRY - this should always print
[2025-09-23 14:43:22.615] [info] [48242751] ListModules called - starting
[2025-09-23 14:43:22.615] [info] [48242751] Got 0 module names
[2025-09-23 14:43:22.615] [info] [48242751] ListModules returning 0 modules
[2025-09-23 14:43:22.615] [error] [48242751] WasmGrpcServiceImpl::ListModules wrapper returned normally
[2025-09-23 14:43:46.927] [info] [48242633] 📈 Server Stats: 0 tables, 0 rows, 0 bytes, 0 WS connections, 2 subscriptions, 0 events, 0 modules
[2025-09-23 14:43:48.223] [error] [48245766] WasmGrpcServiceImpl::ListModules ENTRY - this should always print
[2025-09-23 14:43:48.223] [info] [48245766] ListModules called - starting
[2025-09-23 14:43:48.223] [info] [48245766] Got 0 module names
[2025-09-23 14:43:48.223] [info] [48245766] ListModules returning 0 modules
[2025-09-23 14:43:48.223] [error] [48245766] WasmGrpcServiceImpl::ListModules wrapper returned normally
[2025-09-23 14:43:50.508] [error] [48245766] WasmGrpcServiceImpl::ListModules ENTRY - this should always print
[2025-09-23 14:43:50.508] [info] [48245766] ListModules called - starting
[2025-09-23 14:43:50.508] [info] [48245766] Got 0 module names
[2025-09-23 14:43:50.508] [info] [48245766] ListModules returning 0 modules
[2025-09-23 14:43:50.508] [error] [48245766] WasmGrpcServiceImpl::ListModules wrapper returned normally
[2025-09-23 14:44:17.003] [info] [48242633] 📈 Server Stats: 0 tables, 0 rows, 0 bytes, 0 WS connections, 2 subscriptions, 0 events, 0 modules
[2025-09-23 14:44:47.096] [info] [48242633] 📈 Server Stats: 0 tables, 0 rows, 0 bytes, 0 WS connections, 2 subscriptions, 0 events, 0 modules
[2025-09-23 14:44:57.226] [info] [48260903] WASM subscription client connected: client_14_1758656697226047
[2025-09-23 14:44:57.226] [info] [48260903] WebSocket client connected: client_14_1758656697226047 Total connections: 1
[2025-09-23 14:44:59.762] [info] [48260903] Created ALL_TABLES subscription sql_sub_1 for client client_14_1758656697226047
[2025-09-23 14:44:59.762] [info] [48260903] Created ALL_TABLES subscription sql_sub_1 for client client_14_1758656697226047
[2025-09-23 14:44:59.762] [info] [48260903] Sent initial state for all tables subscription sql_sub_1 (0 tables)
[2025-09-23 14:45:17.186] [info] [48242633] 📈 Server Stats: 0 tables, 0 rows, 0 bytes, 1 WS connections, 2 subscriptions, 0 events, 0 modules
[2025-09-23 14:45:47.269] [info] [48242633] 📈 Server Stats: 0 tables, 0 rows, 0 bytes, 1 WS connections, 2 subscriptions, 0 events, 0 modules
[2025-09-23 14:46:17.358] [info] [48242633] 📈 Server Stats: 0 tables, 0 rows, 0 bytes, 1 WS connections, 2 subscriptions, 0 events, 0 modules
[2025-09-23 14:46:47.447] [info] [48242633] 📈 Server Stats: 0 tables, 0 rows, 0 bytes, 1 WS connections, 2 subscriptions, 0 events, 0 modules
[2025-09-23 14:47:17.535] [info] [48242633] 📈 Server Stats: 0 tables, 0 rows, 0 bytes, 1 WS connections, 2 subscriptions, 0 events, 0 modules
[2025-09-23 14:47:47.643] [info] [48242633] 📈 Server Stats: 0 tables, 0 rows, 0 bytes, 1 WS connections, 2 subscriptions, 0 events, 0 modules
[2025-09-23 14:48:17.721] [info] [48242633] 📈 Server Stats: 0 tables, 0 rows, 0 bytes, 1 WS connections, 2 subscriptions, 0 events, 0 modules
[2025-09-23 14:48:47.815] [info] [48242633] 📈 Server Stats: 0 tables, 0 rows, 0 bytes, 1 WS connections, 2 subscriptions, 0 events, 0 modules
[2025-09-23 14:49:17.908] [info] [48242633] 📈 Server Stats: 0 tables, 0 rows, 0 bytes, 1 WS connections, 2 subscriptions, 0 events, 0 modules
[2025-09-23 14:49:48.001] [info] [48242633] 📈 Server Stats: 0 tables, 0 rows, 0 bytes, 1 WS connections, 2 subscriptions, 0 events, 0 modules
[2025-09-23 14:50:18.112] [info] [48242633] 📈 Server Stats: 0 tables, 0 rows, 0 bytes, 1 WS connections, 2 subscriptions, 0 events, 0 modules
[2025-09-23 14:50:48.208] [info] [48242633] 📈 Server Stats: 0 tables, 0 rows, 0 bytes, 1 WS connections, 2 subscriptions, 0 events, 0 modules
[2025-09-23 14:51:18.301] [info] [48242633] 📈 Server Stats: 0 tables, 0 rows, 0 bytes, 1 WS connections, 2 subscriptions, 0 events, 0 modules
[2025-09-23 14:51:48.392] [info] [48242633] 📈 Server Stats: 0 tables, 0 rows, 0 bytes, 1 WS connections, 2 subscriptions, 0 events, 0 modules
[2025-09-23 14:52:18.498] [info] [48242633] 📈 Server Stats: 0 tables, 0 rows, 0 bytes, 1 WS connections, 2 subscriptions, 0 events, 0 modules
[2025-09-23 14:52:48.584] [info] [48242633] 📈 Server Stats: 0 tables, 0 rows, 0 bytes, 1 WS connections, 2 subscriptions, 0 events, 0 modules
[2025-09-23 14:53:18.677] [info] [48242633] 📈 Server Stats: 0 tables, 0 rows, 0 bytes, 1 WS connections, 2 subscriptions, 0 events, 0 modules
[2025-09-23 14:53:48.756] [info] [48242633] 📈 Server Stats: 0 tables, 0 rows, 0 bytes, 1 WS connections, 2 subscriptions, 0 events, 0 modules
[2025-09-23 14:54:18.832] [info] [48242633] 📈 Server Stats: 0 tables, 0 rows, 0 bytes, 1 WS connections, 2 subscriptions, 0 events, 0 modules
[2025-09-23 14:54:48.915] [info] [48242633] 📈 Server Stats: 0 tables, 0 rows, 0 bytes, 1 WS connections, 2 subscriptions, 0 events, 0 modules
[2025-09-23 14:55:19.108] [info] [48242633] 📈 Server Stats: 0 tables, 0 rows, 0 bytes, 1 WS connections, 2 subscriptions, 0 events, 0 modules
[2025-09-23 14:55:49.208] [info] [48242633] 📈 Server Stats: 0 tables, 0 rows, 0 bytes, 1 WS connections, 2 subscriptions, 0 events, 0 modules
[2025-09-23 14:56:19.300] [info] [48242633] 📈 Server Stats: 0 tables, 0 rows, 0 bytes, 1 WS connections, 2 subscriptions, 0 events, 0 modules
[2025-09-23 14:56:49.396] [info] [48242633] 📈 Server Stats: 0 tables, 0 rows, 0 bytes, 1 WS connections, 2 subscriptions, 0 events, 0 modules
[2025-09-23 14:57:19.494] [info] [48242633] 📈 Server Stats: 0 tables, 0 rows, 0 bytes, 1 WS connections, 2 subscriptions, 0 events, 0 modules
[2025-09-23 14:57:49.571] [info] [48242633] 📈 Server Stats: 0 tables, 0 rows, 0 bytes, 1 WS connections, 2 subscriptions, 0 events, 0 modules
[2025-09-23 14:58:19.664] [info] [48242633] 📈 Server Stats: 0 tables, 0 rows, 0 bytes, 1 WS connections, 2 subscriptions, 0 events, 0 modules
[2025-09-23 14:58:49.745] [info] [48242633] 📈 Server Stats: 0 tables, 0 rows, 0 bytes, 1 WS connections, 2 subscriptions, 0 events, 0 modules
[2025-09-23 14:59:19.825] [info] [48242633] 📈 Server Stats: 0 tables, 0 rows, 0 bytes, 1 WS connections, 2 subscriptions, 0 events, 0 modules
[2025-09-23 14:59:49.911] [info] [48242633] 📈 Server Stats: 0 tables, 0 rows, 0 bytes, 1 WS connections, 2 subscriptions, 0 events, 0 modules
[2025-09-23 15:00:20.005] [info] [48242633] 📈 Server Stats: 0 tables, 0 rows, 0 bytes, 1 WS connections, 2 subscriptions, 0 events, 0 modules
[2025-09-23 15:00:50.100] [info] [48242633] 📈 Server Stats: 0 tables, 0 rows, 0 bytes, 1 WS connections, 2 subscriptions, 0 events, 0 modules
[2025-09-23 15:01:20.199] [info] [48242633] 📈 Server Stats: 0 tables, 0 rows, 0 bytes, 1 WS connections, 2 subscriptions, 0 events, 0 modules
[2025-09-23 15:01:50.309] [info] [48242633] 📈 Server Stats: 0 tables, 0 rows, 0 bytes, 1 WS connections, 2 subscriptions, 0 events, 0 modules
[2025-09-23 15:02:20.406] [info] [48242633] 📈 Server Stats: 0 tables, 0 rows, 0 bytes, 1 WS connections, 2 subscriptions, 0 events, 0 modules
[2025-09-23 15:02:50.371] [info] [48242633] 📈 Server Stats: 0 tables, 0 rows, 0 bytes, 1 WS connections, 2 subscriptions, 0 events, 0 modules
[2025-09-23 15:03:20.469] [info] [48242633] 📈 Server Stats: 0 tables, 0 rows, 0 bytes, 1 WS connections, 2 subscriptions, 0 events, 0 modules
[2025-09-23 15:03:50.564] [info] [48242633] 📈 Server Stats: 0 tables, 0 rows, 0 bytes, 1 WS connections, 2 subscriptions, 0 events, 0 modules
[2025-09-23 15:04:20.652] [info] [48242633] 📈 Server Stats: 0 tables, 0 rows, 0 bytes, 1 WS connections, 2 subscriptions, 0 events, 0 modules
[2025-09-23 15:04:50.752] [info] [48242633] 📈 Server Stats: 0 tables, 0 rows, 0 bytes, 1 WS connections, 2 subscriptions, 0 events, 0 modules
[2025-09-23 15:05:20.891] [info] [48242633] 📈 Server Stats: 0 tables, 0 rows, 0 bytes, 1 WS connections, 2 subscriptions, 0 events, 0 modules
[2025-09-23 15:05:50.997] [info] [48242633] 📈 Server Stats: 0 tables, 0 rows, 0 bytes, 1 WS connections, 2 subscriptions, 0 events, 0 modules
[2025-09-23 15:06:21.107] [info] [48242633] 📈 Server Stats: 0 tables, 0 rows, 0 bytes, 1 WS connections, 2 subscriptions, 0 events, 0 modules
[2025-09-23 15:06:51.217] [info] [48242633] 📈 Server Stats: 0 tables, 0 rows, 0 bytes, 1 WS connections, 2 subscriptions, 0 events, 0 modules
[2025-09-23 15:07:21.323] [info] [48242633] 📈 Server Stats: 0 tables, 0 rows, 0 bytes, 1 WS connections, 2 subscriptions, 0 events, 0 modules
[2025-09-23 15:07:51.437] [info] [48242633] 📈 Server Stats: 0 tables, 0 rows, 0 bytes, 1 WS connections, 2 subscriptions, 0 events, 0 modules
[2025-09-23 15:08:21.555] [info] [48242633] 📈 Server Stats: 0 tables, 0 rows, 0 bytes, 1 WS connections, 2 subscriptions, 0 events, 0 modules
[2025-09-23 15:08:51.658] [info] [48242633] 📈 Server Stats: 0 tables, 0 rows, 0 bytes, 1 WS connections, 2 subscriptions, 0 events, 0 modules
[2025-09-23 15:09:21.766] [info] [48242633] 📈 Server Stats: 0 tables, 0 rows, 0 bytes, 1 WS connections, 2 subscriptions, 0 events, 0 modules
[2025-09-23 15:09:51.880] [info] [48242633] 📈 Server Stats: 0 tables, 0 rows, 0 bytes, 1 WS connections, 2 subscriptions, 0 events, 0 modules
[2025-09-23 15:10:21.985] [info] [48242633] 📈 Server Stats: 0 tables, 0 rows, 0 bytes, 1 WS connections, 2 subscriptions, 0 events, 0 modules
[2025-09-23 15:10:52.090] [info] [48242633] 📈 Server Stats: 0 tables, 0 rows, 0 bytes, 1 WS connections, 2 subscriptions, 0 events, 0 modules
[2025-09-23 15:11:22.193] [info] [48242633] 📈 Server Stats: 0 tables, 0 rows, 0 bytes, 1 WS connections, 2 subscriptions, 0 events, 0 modules
[2025-09-23 15:11:52.295] [info] [48242633] 📈 Server Stats: 0 tables, 0 rows, 0 bytes, 1 WS connections, 2 subscriptions, 0 events, 0 modules
[2025-09-23 15:12:22.409] [info] [48242633] 📈 Server Stats: 0 tables, 0 rows, 0 bytes, 1 WS connections, 2 subscriptions, 0 events, 0 modules
[2025-09-23 15:12:52.522] [info] [48242633] 📈 Server Stats: 0 tables, 0 rows, 0 bytes, 1 WS connections, 2 subscriptions, 0 events, 0 modules
[2025-09-23 15:13:22.638] [info] [48242633] 📈 Server Stats: 0 tables, 0 rows, 0 bytes, 1 WS connections, 2 subscriptions, 0 events, 0 modules
[2025-09-23 15:13:52.760] [info] [48242633] 📈 Server Stats: 0 tables, 0 rows, 0 bytes, 1 WS connections, 2 subscriptions, 0 events, 0 modules
[2025-09-23 15:14:22.871] [info] [48242633] 📈 Server Stats: 0 tables, 0 rows, 0 bytes, 1 WS connections, 2 subscriptions, 0 events, 0 modules
[2025-09-23 15:14:52.977] [info] [48242633] 📈 Server Stats: 0 tables, 0 rows, 0 bytes, 1 WS connections, 2 subscriptions, 0 events, 0 modules
[2025-09-23 15:15:23.096] [info] [48242633] 📈 Server Stats: 0 tables, 0 rows, 0 bytes, 1 WS connections, 2 subscriptions, 0 events, 0 modules
[2025-09-23 15:15:53.201] [info] [48242633] 📈 Server Stats: 0 tables, 0 rows, 0 bytes, 1 WS connections, 2 subscriptions, 0 events, 0 modules
[2025-09-23 15:16:23.302] [info] [48242633] 📈 Server Stats: 0 tables, 0 rows, 0 bytes, 1 WS connections, 2 subscriptions, 0 events, 0 modules
[2025-09-23 15:16:53.410] [info] [48242633] 📈 Server Stats: 0 tables, 0 rows, 0 bytes, 1 WS connections, 2 subscriptions, 0 events, 0 modules
[2025-09-23 15:17:23.527] [info] [48242633] 📈 Server Stats: 0 tables, 0 rows, 0 bytes, 1 WS connections, 2 subscriptions, 0 events, 0 modules
[2025-09-23 15:17:53.627] [info] [48242633] 📈 Server Stats: 0 tables, 0 rows, 0 bytes, 1 WS connections, 2 subscriptions, 0 events, 0 modules
[2025-09-23 15:18:23.801] [info] [48242633] 📈 Server Stats: 0 tables, 0 rows, 0 bytes, 1 WS connections, 2 subscriptions, 0 events, 0 modules
[2025-09-23 15:18:53.904] [info] [48242633] 📈 Server Stats: 0 tables, 0 rows, 0 bytes, 1 WS connections, 2 subscriptions, 0 events, 0 modules
[2025-09-23 15:19:24.014] [info] [48242633] 📈 Server Stats: 0 tables, 0 rows, 0 bytes, 1 WS connections, 2 subscriptions, 0 events, 0 modules
[2025-09-23 15:19:54.174] [info] [48242633] 📈 Server Stats: 0 tables, 0 rows, 0 bytes, 1 WS connections, 2 subscriptions, 0 events, 0 modules
[2025-09-23 15:20:24.366] [info] [48242633] 📈 Server Stats: 0 tables, 0 rows, 0 bytes, 1 WS connections, 2 subscriptions, 0 events, 0 modules
[2025-09-23 15:20:54.465] [info] [48242633] 📈 Server Stats: 0 tables, 0 rows, 0 bytes, 1 WS connections, 2 subscriptions, 0 events, 0 modules
[2025-09-23 15:21:24.571] [info] [48242633] 📈 Server Stats: 0 tables, 0 rows, 0 bytes, 1 WS connections, 2 subscriptions, 0 events, 0 modules
[2025-09-23 15:21:54.667] [info] [48242633] 📈 Server Stats: 0 tables, 0 rows, 0 bytes, 1 WS connections, 2 subscriptions, 0 events, 0 modules
[2025-09-23 15:22:24.770] [info] [48242633] 📈 Server Stats: 0 tables, 0 rows, 0 bytes, 1 WS connections, 2 subscriptions, 0 events, 0 modules
[2025-09-23 15:22:54.857] [info] [48242633] 📈 Server Stats: 0 tables, 0 rows, 0 bytes, 1 WS connections, 2 subscriptions, 0 events, 0 modules
[2025-09-23 15:23:24.965] [info] [48242633] 📈 Server Stats: 0 tables, 0 rows, 0 bytes, 1 WS connections, 2 subscriptions, 0 events, 0 modules
[2025-09-23 15:23:55.085] [info] [48242633] 📈 Server Stats: 0 tables, 0 rows, 0 bytes, 1 WS connections, 2 subscriptions, 0 events, 0 modules
[2025-09-23 15:24:19.493] [error] [48242751] WasmGrpcServiceImpl::ListModules ENTRY - this should always print
[2025-09-23 15:24:19.493] [info] [48242751] ListModules called - starting
[2025-09-23 15:24:19.493] [info] [48242751] Got 0 module names
[2025-09-23 15:24:19.493] [info] [48242751] ListModules returning 0 modules
[2025-09-23 15:24:19.493] [error] [48242751] WasmGrpcServiceImpl::ListModules wrapper returned normally
[2025-09-23 15:24:25.229] [info] [48242633] 📈 Server Stats: 0 tables, 0 rows, 0 bytes, 1 WS connections, 2 subscriptions, 0 events, 0 modules
[2025-09-23 15:24:55.325] [info] [48242633] 📈 Server Stats: 0 tables, 0 rows, 0 bytes, 1 WS connections, 2 subscriptions, 0 events, 0 modules
[2025-09-23 15:25:25.446] [info] [48242633] 📈 Server Stats: 0 tables, 0 rows, 0 bytes, 1 WS connections, 2 subscriptions, 0 events, 0 modules
[2025-09-23 15:25:55.579] [info] [48242633] 📈 Server Stats: 0 tables, 0 rows, 0 bytes, 1 WS connections, 2 subscriptions, 0 events, 0 modules
[2025-09-23 15:26:25.687] [info] [48242633] 📈 Server Stats: 0 tables, 0 rows, 0 bytes, 1 WS connections, 2 subscriptions, 0 events, 0 modules
[2025-09-23 15:26:55.801] [info] [48242633] 📈 Server Stats: 0 tables, 0 rows, 0 bytes, 1 WS connections, 2 subscriptions, 0 events, 0 modules
[2025-09-23 15:27:25.933] [info] [48242633] 📈 Server Stats: 0 tables, 0 rows, 0 bytes, 1 WS connections, 2 subscriptions, 0 events, 0 modules
[2025-09-23 15:27:56.045] [info] [48242633] 📈 Server Stats: 0 tables, 0 rows, 0 bytes, 1 WS connections, 2 subscriptions, 0 events, 0 modules
[2025-09-23 15:28:26.166] [info] [48242633] 📈 Server Stats: 0 tables, 0 rows, 0 bytes, 1 WS connections, 2 subscriptions, 0 events, 0 modules
[2025-09-23 15:28:56.262] [info] [48242633] 📈 Server Stats: 0 tables, 0 rows, 0 bytes, 1 WS connections, 2 subscriptions, 0 events, 0 modules
[2025-09-23 15:29:26.352] [info] [48242633] 📈 Server Stats: 0 tables, 0 rows, 0 bytes, 1 WS connections, 2 subscriptions, 0 events, 0 modules
[2025-09-23 15:29:56.464] [info] [48242633] 📈 Server Stats: 0 tables, 0 rows, 0 bytes, 1 WS connections, 2 subscriptions, 0 events, 0 modules
[2025-09-23 15:30:26.564] [info] [48242633] 📈 Server Stats: 0 tables, 0 rows, 0 bytes, 1 WS connections, 2 subscriptions, 0 events, 0 modules
[2025-09-23 15:30:56.712] [info] [48242633] 📈 Server Stats: 0 tables, 0 rows, 0 bytes, 1 WS connections, 2 subscriptions, 0 events, 0 modules
[2025-09-23 15:31:26.818] [info] [48242633] 📈 Server Stats: 0 tables, 0 rows, 0 bytes, 1 WS connections, 2 subscriptions, 0 events, 0 modules
[2025-09-23 15:31:56.933] [info] [48242633] 📈 Server Stats: 0 tables, 0 rows, 0 bytes, 1 WS connections, 2 subscriptions, 0 events, 0 modules
[2025-09-23 15:32:27.042] [info] [48242633] 📈 Server Stats: 0 tables, 0 rows, 0 bytes, 1 WS connections, 2 subscriptions, 0 events, 0 modules
[2025-09-23 15:32:57.193] [info] [48242633] 📈 Server Stats: 0 tables, 0 rows, 0 bytes, 1 WS connections, 2 subscriptions, 0 events, 0 modules
[2025-09-23 15:33:27.300] [info] [48242633] 📈 Server Stats: 0 tables, 0 rows, 0 bytes, 1 WS connections, 2 subscriptions, 0 events, 0 modules
[2025-09-23 15:33:57.417] [info] [48242633] 📈 Server Stats: 0 tables, 0 rows, 0 bytes, 1 WS connections, 2 subscriptions, 0 events, 0 modules
[2025-09-23 15:34:27.536] [info] [48242633] 📈 Server Stats: 0 tables, 0 rows, 0 bytes, 1 WS connections, 2 subscriptions, 0 events, 0 modules
[2025-09-23 15:34:57.663] [info] [48242633] 📈 Server Stats: 0 tables, 0 rows, 0 bytes, 1 WS connections, 2 subscriptions, 0 events, 0 modules
[2025-09-23 15:35:27.817] [info] [48242633] 📈 Server Stats: 0 tables, 0 rows, 0 bytes, 1 WS connections, 2 subscriptions, 0 events, 0 modules
[2025-09-23 15:35:57.941] [info] [48242633] 📈 Server Stats: 0 tables, 0 rows, 0 bytes, 1 WS connections, 2 subscriptions, 0 events, 0 modules
[2025-09-23 15:36:28.064] [info] [48242633] 📈 Server Stats: 0 tables, 0 rows, 0 bytes, 1 WS connections, 2 subscriptions, 0 events, 0 modules
[2025-09-23 15:36:58.176] [info] [48242633] 📈 Server Stats: 0 tables, 0 rows, 0 bytes, 1 WS connections, 2 subscriptions, 0 events, 0 modules
[2025-09-23 15:37:28.297] [info] [48242633] 📈 Server Stats: 0 tables, 0 rows, 0 bytes, 1 WS connections, 2 subscriptions, 0 events, 0 modules
[2025-09-23 15:37:58.410] [info] [48242633] 📈 Server Stats: 0 tables, 0 rows, 0 bytes, 1 WS connections, 2 subscriptions, 0 events, 0 modules
[2025-09-23 15:38:28.615] [info] [48242633] 📈 Server Stats: 0 tables, 0 rows, 0 bytes, 1 WS connections, 2 subscriptions, 0 events, 0 modules
[2025-09-23 15:38:58.726] [info] [48242633] 📈 Server Stats: 0 tables, 0 rows, 0 bytes, 1 WS connections, 2 subscriptions, 0 events, 0 modules
[2025-09-23 15:39:28.845] [info] [48242633] 📈 Server Stats: 0 tables, 0 rows, 0 bytes, 1 WS connections, 2 subscriptions, 0 events, 0 modules
[2025-09-23 15:39:58.943] [info] [48242633] 📈 Server Stats: 0 tables, 0 rows, 0 bytes, 1 WS connections, 2 subscriptions, 0 events, 0 modules
[2025-09-23 15:40:29.091] [info] [48242633] 📈 Server Stats: 0 tables, 0 rows, 0 bytes, 1 WS connections, 2 subscriptions, 0 events, 0 modules
[2025-09-23 15:40:59.240] [info] [48242633] 📈 Server Stats: 0 tables, 0 rows, 0 bytes, 1 WS connections, 2 subscriptions, 0 events, 0 modules
[2025-09-23 15:41:29.350] [info] [48242633] 📈 Server Stats: 0 tables, 0 rows, 0 bytes, 1 WS connections, 2 subscriptions, 0 events, 0 modules
[2025-09-23 15:41:59.469] [info] [48242633] 📈 Server Stats: 0 tables, 0 rows, 0 bytes, 1 WS connections, 2 subscriptions, 0 events, 0 modules
[2025-09-23 15:42:29.582] [info] [48242633] 📈 Server Stats: 0 tables, 0 rows, 0 bytes, 1 WS connections, 2 subscriptions, 0 events, 0 modules
[2025-09-23 15:42:59.687] [info] [48242633] 📈 Server Stats: 0 tables, 0 rows, 0 bytes, 1 WS connections, 2 subscriptions, 0 events, 0 modules
[2025-09-23 15:43:29.831] [info] [48242633] 📈 Server Stats: 0 tables, 0 rows, 0 bytes, 1 WS connections, 2 subscriptions, 0 events, 0 modules
[2025-09-23 15:43:59.939] [info] [48242633] 📈 Server Stats: 0 tables, 0 rows, 0 bytes, 1 WS connections, 2 subscriptions, 0 events, 0 modules
[2025-09-23 15:44:30.041] [info] [48242633] 📈 Server Stats: 0 tables, 0 rows, 0 bytes, 1 WS connections, 2 subscriptions, 0 events, 0 modules
[2025-09-23 15:45:00.157] [info] [48242633] 📈 Server Stats: 0 tables, 0 rows, 0 bytes, 1 WS connections, 2 subscriptions, 0 events, 0 modules
[2025-09-23 15:45:30.279] [info] [48242633] 📈 Server Stats: 0 tables, 0 rows, 0 bytes, 1 WS connections, 2 subscriptions, 0 events, 0 modules
[2025-09-23 15:46:00.391] [info] [48242633] 📈 Server Stats: 0 tables, 0 rows, 0 bytes, 1 WS connections, 2 subscriptions, 0 events, 0 modules
[2025-09-23 15:46:30.507] [info] [48242633] 📈 Server Stats: 0 tables, 0 rows, 0 bytes, 1 WS connections, 2 subscriptions, 0 events, 0 modules
[2025-09-23 15:47:00.623] [info] [48242633] 📈 Server Stats: 0 tables, 0 rows, 0 bytes, 1 WS connections, 2 subscriptions, 0 events, 0 modules
[2025-09-23 15:47:30.741] [info] [48242633] 📈 Server Stats: 0 tables, 0 rows, 0 bytes, 1 WS connections, 2 subscriptions, 0 events, 0 modules
[2025-09-23 15:48:00.861] [info] [48242633] 📈 Server Stats: 0 tables, 0 rows, 0 bytes, 1 WS connections, 2 subscriptions, 0 events, 0 modules
[2025-09-23 15:48:30.954] [info] [48242633] 📈 Server Stats: 0 tables, 0 rows, 0 bytes, 1 WS connections, 2 subscriptions, 0 events, 0 modules
[2025-09-23 15:49:01.065] [info] [48242633] 📈 Server Stats: 0 tables, 0 rows, 0 bytes, 1 WS connections, 2 subscriptions, 0 events, 0 modules
[2025-09-23 15:49:31.175] [info] [48242633] 📈 Server Stats: 0 tables, 0 rows, 0 bytes, 1 WS connections, 2 subscriptions, 0 events, 0 modules
[2025-09-23 15:50:01.292] [info] [48242633] 📈 Server Stats: 0 tables, 0 rows, 0 bytes, 1 WS connections, 2 subscriptions, 0 events, 0 modules
[2025-09-23 15:50:31.403] [info] [48242633] 📈 Server Stats: 0 tables, 0 rows, 0 bytes, 1 WS connections, 2 subscriptions, 0 events, 0 modules
[2025-09-23 15:51:01.508] [info] [48242633] 📈 Server Stats: 0 tables, 0 rows, 0 bytes, 1 WS connections, 2 subscriptions, 0 events, 0 modules
[2025-09-23 15:51:31.625] [info] [48242633] 📈 Server Stats: 0 tables, 0 rows, 0 bytes, 1 WS connections, 2 subscriptions, 0 events, 0 modules
[2025-09-23 15:52:01.741] [info] [48242633] 📈 Server Stats: 0 tables, 0 rows, 0 bytes, 1 WS connections, 2 subscriptions, 0 events, 0 modules
[2025-09-23 15:52:31.853] [info] [48242633] 📈 Server Stats: 0 tables, 0 rows, 0 bytes, 1 WS connections, 2 subscriptions, 0 events, 0 modules
[2025-09-23 15:53:01.971] [info] [48242633] 📈 Server Stats: 0 tables, 0 rows, 0 bytes, 1 WS connections, 2 subscriptions, 0 events, 0 modules
[2025-09-23 15:53:32.075] [info] [48242633] 📈 Server Stats: 0 tables, 0 rows, 0 bytes, 1 WS connections, 2 subscriptions, 0 events, 0 modules
[2025-09-23 15:54:02.191] [info] [48242633] 📈 Server Stats: 0 tables, 0 rows, 0 bytes, 1 WS connections, 2 subscriptions, 0 events, 0 modules
[2025-09-23 15:54:32.304] [info] [48242633] 📈 Server Stats: 0 tables, 0 rows, 0 bytes, 1 WS connections, 2 subscriptions, 0 events, 0 modules
[2025-09-23 15:55:02.424] [info] [48242633] 📈 Server Stats: 0 tables, 0 rows, 0 bytes, 1 WS connections, 2 subscriptions, 0 events, 0 modules
[2025-09-23 15:55:32.533] [info] [48242633] 📈 Server Stats: 0 tables, 0 rows, 0 bytes, 1 WS connections, 2 subscriptions, 0 events, 0 modules
[2025-09-23 15:56:02.647] [info] [48242633] 📈 Server Stats: 0 tables, 0 rows, 0 bytes, 1 WS connections, 2 subscriptions, 0 events, 0 modules
[2025-09-23 15:56:32.766] [info] [48242633] 📈 Server Stats: 0 tables, 0 rows, 0 bytes, 1 WS connections, 2 subscriptions, 0 events, 0 modules
[2025-09-23 15:57:02.872] [info] [48242633] 📈 Server Stats: 0 tables, 0 rows, 0 bytes, 1 WS connections, 2 subscriptions, 0 events, 0 modules
[2025-09-23 15:57:32.989] [info] [48242633] 📈 Server Stats: 0 tables, 0 rows, 0 bytes, 1 WS connections, 2 subscriptions, 0 events, 0 modules
[2025-09-23 15:58:03.109] [info] [48242633] 📈 Server Stats: 0 tables, 0 rows, 0 bytes, 1 WS connections, 2 subscriptions, 0 events, 0 modules
[2025-09-23 15:58:33.236] [info] [48242633] 📈 Server Stats: 0 tables, 0 rows, 0 bytes, 1 WS connections, 2 subscriptions, 0 events, 0 modules
[2025-09-23 15:59:03.359] [info] [48242633] 📈 Server Stats: 0 tables, 0 rows, 0 bytes, 1 WS connections, 2 subscriptions, 0 events, 0 modules
[2025-09-23 15:59:33.477] [info] [48242633] 📈 Server Stats: 0 tables, 0 rows, 0 bytes, 1 WS connections, 2 subscriptions, 0 events, 0 modules
[2025-09-23 16:00:03.581] [info] [48242633] 📈 Server Stats: 0 tables, 0 rows, 0 bytes, 1 WS connections, 2 subscriptions, 0 events, 0 modules
[2025-09-23 16:00:33.698] [info] [48242633] 📈 Server Stats: 0 tables, 0 rows, 0 bytes, 1 WS connections, 2 subscriptions, 0 events, 0 modules
[2025-09-23 16:01:03.820] [info] [48242633] 📈 Server Stats: 0 tables, 0 rows, 0 bytes, 1 WS connections, 2 subscriptions, 0 events, 0 modules
[2025-09-23 16:01:33.939] [info] [48242633] 📈 Server Stats: 0 tables, 0 rows, 0 bytes, 1 WS connections, 2 subscriptions, 0 events, 0 modules
[2025-09-23 16:02:04.060] [info] [48242633] 📈 Server Stats: 0 tables, 0 rows, 0 bytes, 1 WS connections, 2 subscriptions, 0 events, 0 modules
[2025-09-23 16:02:34.182] [info] [48242633] 📈 Server Stats: 0 tables, 0 rows, 0 bytes, 1 WS connections, 2 subscriptions, 0 events, 0 modules
[2025-09-23 16:03:04.310] [info] [48242633] 📈 Server Stats: 0 tables, 0 rows, 0 bytes, 1 WS connections, 2 subscriptions, 0 events, 0 modules
[2025-09-23 16:03:34.429] [info] [48242633] 📈 Server Stats: 0 tables, 0 rows, 0 bytes, 1 WS connections, 2 subscriptions, 0 events, 0 modules
[2025-09-23 16:04:04.541] [info] [48242633] 📈 Server Stats: 0 tables, 0 rows, 0 bytes, 1 WS connections, 2 subscriptions, 0 events, 0 modules
[2025-09-23 16:04:34.662] [info] [48242633] 📈 Server Stats: 0 tables, 0 rows, 0 bytes, 1 WS connections, 2 subscriptions, 0 events, 0 modules
[2025-09-23 16:05:04.773] [info] [48242633] 📈 Server Stats: 0 tables, 0 rows, 0 bytes, 1 WS connections, 2 subscriptions, 0 events, 0 modules
[2025-09-23 16:05:34.893] [info] [48242633] 📈 Server Stats: 0 tables, 0 rows, 0 bytes, 1 WS connections, 2 subscriptions, 0 events, 0 modules
[2025-09-23 16:06:04.992] [info] [48242633] 📈 Server Stats: 0 tables, 0 rows, 0 bytes, 1 WS connections, 2 subscriptions, 0 events, 0 modules
[2025-09-23 16:06:35.102] [info] [48242633] 📈 Server Stats: 0 tables, 0 rows, 0 bytes, 1 WS connections, 2 subscriptions, 0 events, 0 modules
[2025-09-23 16:07:05.211] [info] [48242633] 📈 Server Stats: 0 tables, 0 rows, 0 bytes, 1 WS connections, 2 subscriptions, 0 events, 0 modules
[2025-09-23 16:07:35.326] [info] [48242633] 📈 Server Stats: 0 tables, 0 rows, 0 bytes, 1 WS connections, 2 subscriptions, 0 events, 0 modules
[2025-09-23 16:08:05.447] [info] [48242633] 📈 Server Stats: 0 tables, 0 rows, 0 bytes, 1 WS connections, 2 subscriptions, 0 events, 0 modules
[2025-09-23 16:08:35.569] [info] [48242633] 📈 Server Stats: 0 tables, 0 rows, 0 bytes, 1 WS connections, 2 subscriptions, 0 events, 0 modules
[2025-09-23 16:09:05.697] [info] [48242633] 📈 Server Stats: 0 tables, 0 rows, 0 bytes, 1 WS connections, 2 subscriptions, 0 events, 0 modules
[2025-09-23 16:09:35.820] [info] [48242633] 📈 Server Stats: 0 tables, 0 rows, 0 bytes, 1 WS connections, 2 subscriptions, 0 events, 0 modules
[2025-09-23 16:10:05.920] [info] [48242633] 📈 Server Stats: 0 tables, 0 rows, 0 bytes, 1 WS connections, 2 subscriptions, 0 events, 0 modules
[2025-09-23 16:10:36.042] [info] [48242633] 📈 Server Stats: 0 tables, 0 rows, 0 bytes, 1 WS connections, 2 subscriptions, 0 events, 0 modules
[2025-09-23 16:11:06.161] [info] [48242633] 📈 Server Stats: 0 tables, 0 rows, 0 bytes, 1 WS connections, 2 subscriptions, 0 events, 0 modules
[2025-09-23 16:11:36.271] [info] [48242633] 📈 Server Stats: 0 tables, 0 rows, 0 bytes, 1 WS connections, 2 subscriptions, 0 events, 0 modules
[2025-09-23 16:12:06.392] [info] [48242633] 📈 Server Stats: 0 tables, 0 rows, 0 bytes, 1 WS connections, 2 subscriptions, 0 events, 0 modules
[2025-09-23 16:12:36.510] [info] [48242633] 📈 Server Stats: 0 tables, 0 rows, 0 bytes, 1 WS connections, 2 subscriptions, 0 events, 0 modules
[2025-09-23 16:13:06.623] [info] [48242633] 📈 Server Stats: 0 tables, 0 rows, 0 bytes, 1 WS connections, 2 subscriptions, 0 events, 0 modules
[2025-09-23 16:13:36.736] [info] [48242633] 📈 Server Stats: 0 tables, 0 rows, 0 bytes, 1 WS connections, 2 subscriptions, 0 events, 0 modules
[2025-09-23 16:14:06.850] [info] [48242633] 📈 Server Stats: 0 tables, 0 rows, 0 bytes, 1 WS connections, 2 subscriptions, 0 events, 0 modules
[2025-09-23 16:14:36.938] [info] [48242633] 📈 Server Stats: 0 tables, 0 rows, 0 bytes, 1 WS connections, 2 subscriptions, 0 events, 0 modules
[2025-09-23 16:15:07.041] [info] [48242633] 📈 Server Stats: 0 tables, 0 rows, 0 bytes, 1 WS connections, 2 subscriptions, 0 events, 0 modules
[2025-09-23 16:15:37.165] [info] [48242633] 📈 Server Stats: 0 tables, 0 rows, 0 bytes, 1 WS connections, 2 subscriptions, 0 events, 0 modules
[2025-09-23 16:16:07.287] [info] [48242633] 📈 Server Stats: 0 tables, 0 rows, 0 bytes, 1 WS connections, 2 subscriptions, 0 events, 0 modules
[2025-09-23 16:16:37.392] [info] [48242633] 📈 Server Stats: 0 tables, 0 rows, 0 bytes, 1 WS connections, 2 subscriptions, 0 events, 0 modules
[2025-09-23 16:17:07.530] [info] [48242633] 📈 Server Stats: 0 tables, 0 rows, 0 bytes, 1 WS connections, 2 subscriptions, 0 events, 0 modules
[2025-09-23 16:17:37.644] [info] [48242633] 📈 Server Stats: 0 tables, 0 rows, 0 bytes, 1 WS connections, 2 subscriptions, 0 events, 0 modules
[2025-09-23 16:18:07.761] [info] [48242633] 📈 Server Stats: 0 tables, 0 rows, 0 bytes, 1 WS connections, 2 subscriptions, 0 events, 0 modules
[2025-09-23 16:18:37.882] [info] [48242633] 📈 Server Stats: 0 tables, 0 rows, 0 bytes, 1 WS connections, 2 subscriptions, 0 events, 0 modules
[2025-09-23 16:19:08.018] [info] [48242633] 📈 Server Stats: 0 tables, 0 rows, 0 bytes, 1 WS connections, 2 subscriptions, 0 events, 0 modules
[2025-09-23 16:19:38.205] [info] [48242633] 📈 Server Stats: 0 tables, 0 rows, 0 bytes, 1 WS connections, 2 subscriptions, 0 events, 0 modules
[2025-09-23 16:20:08.318] [info] [48242633] 📈 Server Stats: 0 tables, 0 rows, 0 bytes, 1 WS connections, 2 subscriptions, 0 events, 0 modules
[2025-09-23 16:20:38.443] [info] [48242633] 📈 Server Stats: 0 tables, 0 rows, 0 bytes, 1 WS connections, 2 subscriptions, 0 events, 0 modules
[2025-09-23 16:21:08.559] [info] [48242633] 📈 Server Stats: 0 tables, 0 rows, 0 bytes, 1 WS connections, 2 subscriptions, 0 events, 0 modules
[2025-09-23 16:21:38.866] [info] [48242633] 📈 Server Stats: 0 tables, 0 rows, 0 bytes, 1 WS connections, 2 subscriptions, 0 events, 0 modules
[2025-09-23 16:22:09.020] [info] [48242633] 📈 Server Stats: 0 tables, 0 rows, 0 bytes, 1 WS connections, 2 subscriptions, 0 events, 0 modules
[2025-09-23 16:22:39.159] [info] [48242633] 📈 Server Stats: 0 tables, 0 rows, 0 bytes, 1 WS connections, 2 subscriptions, 0 events, 0 modules
[2025-09-23 16:23:09.265] [info] [48242633] 📈 Server Stats: 0 tables, 0 rows, 0 bytes, 1 WS connections, 2 subscriptions, 0 events, 0 modules
[2025-09-23 16:23:39.382] [info] [48242633] 📈 Server Stats: 0 tables, 0 rows, 0 bytes, 1 WS connections, 2 subscriptions, 0 events, 0 modules
[2025-09-23 16:24:09.499] [info] [48242633] 📈 Server Stats: 0 tables, 0 rows, 0 bytes, 1 WS connections, 2 subscriptions, 0 events, 0 modules
[2025-09-23 16:24:39.600] [info] [48242633] 📈 Server Stats: 0 tables, 0 rows, 0 bytes, 1 WS connections, 2 subscriptions, 0 events, 0 modules
[2025-09-23 16:25:09.713] [info] [48242633] 📈 Server Stats: 0 tables, 0 rows, 0 bytes, 1 WS connections, 2 subscriptions, 0 events, 0 modules
[2025-09-23 16:25:39.821] [info] [48242633] 📈 Server Stats: 0 tables, 0 rows, 0 bytes, 1 WS connections, 2 subscriptions, 0 events, 0 modules
[2025-09-23 16:26:10.017] [info] [48242633] 📈 Server Stats: 0 tables, 0 rows, 0 bytes, 1 WS connections, 2 subscriptions, 0 events, 0 modules
[2025-09-23 16:26:40.138] [info] [48242633] 📈 Server Stats: 0 tables, 0 rows, 0 bytes, 1 WS connections, 2 subscriptions, 0 events, 0 modules
[2025-09-23 16:27:10.259] [info] [48242633] 📈 Server Stats: 0 tables, 0 rows, 0 bytes, 1 WS connections, 2 subscriptions, 0 events, 0 modules
[2025-09-23 16:27:40.374] [info] [48242633] 📈 Server Stats: 0 tables, 0 rows, 0 bytes, 1 WS connections, 2 subscriptions, 0 events, 0 modules
[2025-09-23 16:28:10.499] [info] [48242633] 📈 Server Stats: 0 tables, 0 rows, 0 bytes, 1 WS connections, 2 subscriptions, 0 events, 0 modules
[2025-09-23 16:28:40.618] [info] [48242633] 📈 Server Stats: 0 tables, 0 rows, 0 bytes, 1 WS connections, 2 subscriptions, 0 events, 0 modules
[2025-09-23 16:29:10.789] [info] [48242633] 📈 Server Stats: 0 tables, 0 rows, 0 bytes, 1 WS connections, 2 subscriptions, 0 events, 0 modules
[2025-09-23 16:29:40.901] [info] [48242633] 📈 Server Stats: 0 tables, 0 rows, 0 bytes, 1 WS connections, 2 subscriptions, 0 events, 0 modules
[2025-09-23 16:30:11.119] [info] [48242633] 📈 Server Stats: 0 tables, 0 rows, 0 bytes, 1 WS connections, 2 subscriptions, 0 events, 0 modules
[2025-09-23 16:30:41.240] [info] [48242633] 📈 Server Stats: 0 tables, 0 rows, 0 bytes, 1 WS connections, 2 subscriptions, 0 events, 0 modules
[2025-09-23 16:31:11.355] [info] [48242633] 📈 Server Stats: 0 tables, 0 rows, 0 bytes, 1 WS connections, 2 subscriptions, 0 events, 0 modules
[2025-09-23 16:31:41.470] [info] [48242633] 📈 Server Stats: 0 tables, 0 rows, 0 bytes, 1 WS connections, 2 subscriptions, 0 events, 0 modules
[2025-09-23 16:32:11.588] [info] [48242633] 📈 Server Stats: 0 tables, 0 rows, 0 bytes, 1 WS connections, 2 subscriptions, 0 events, 0 modules
[2025-09-23 16:32:41.709] [info] [48242633] 📈 Server Stats: 0 tables, 0 rows, 0 bytes, 1 WS connections, 2 subscriptions, 0 events, 0 modules
[2025-09-23 16:33:11.814] [info] [48242633] 📈 Server Stats: 0 tables, 0 rows, 0 bytes, 1 WS connections, 2 subscriptions, 0 events, 0 modules
[2025-09-23 16:33:41.899] [info] [48242633] 📈 Server Stats: 0 tables, 0 rows, 0 bytes, 1 WS connections, 2 subscriptions, 0 events, 0 modules
[2025-09-23 16:34:11.992] [info] [48242633] 📈 Server Stats: 0 tables, 0 rows, 0 bytes, 1 WS connections, 2 subscriptions, 0 events, 0 modules
[2025-09-23 16:34:42.106] [info] [48242633] 📈 Server Stats: 0 tables, 0 rows, 0 bytes, 1 WS connections, 2 subscriptions, 0 events, 0 modules
[2025-09-23 16:35:12.212] [info] [48242633] 📈 Server Stats: 0 tables, 0 rows, 0 bytes, 1 WS connections, 2 subscriptions, 0 events, 0 modules
[2025-09-23 16:35:42.318] [info] [48242633] 📈 Server Stats: 0 tables, 0 rows, 0 bytes, 1 WS connections, 2 subscriptions, 0 events, 0 modules
[2025-09-23 16:36:12.426] [info] [48242633] 📈 Server Stats: 0 tables, 0 rows, 0 bytes, 1 WS connections, 2 subscriptions, 0 events, 0 modules
[2025-09-23 16:36:42.534] [info] [48242633] 📈 Server Stats: 0 tables, 0 rows, 0 bytes, 1 WS connections, 2 subscriptions, 0 events, 0 modules
[2025-09-23 16:37:12.645] [info] [48242633] 📈 Server Stats: 0 tables, 0 rows, 0 bytes, 1 WS connections, 2 subscriptions, 0 events, 0 modules
[2025-09-23 16:37:42.752] [info] [48242633] 📈 Server Stats: 0 tables, 0 rows, 0 bytes, 1 WS connections, 2 subscriptions, 0 events, 0 modules
[2025-09-23 16:38:12.859] [info] [48242633] 📈 Server Stats: 0 tables, 0 rows, 0 bytes, 1 WS connections, 2 subscriptions, 0 events, 0 modules
[2025-09-23 16:38:42.972] [info] [48242633] 📈 Server Stats: 0 tables, 0 rows, 0 bytes, 1 WS connections, 2 subscriptions, 0 events, 0 modules
[2025-09-23 16:39:13.084] [info] [48242633] 📈 Server Stats: 0 tables, 0 rows, 0 bytes, 1 WS connections, 2 subscriptions, 0 events, 0 modules
[2025-09-23 16:39:43.196] [info] [48242633] 📈 Server Stats: 0 tables, 0 rows, 0 bytes, 1 WS connections, 2 subscriptions, 0 events, 0 modules
[2025-09-23 16:40:13.310] [info] [48242633] 📈 Server Stats: 0 tables, 0 rows, 0 bytes, 1 WS connections, 2 subscriptions, 0 events, 0 modules
[2025-09-23 16:40:43.427] [info] [48242633] 📈 Server Stats: 0 tables, 0 rows, 0 bytes, 1 WS connections, 2 subscriptions, 0 events, 0 modules
[2025-09-23 16:41:13.537] [info] [48242633] 📈 Server Stats: 0 tables, 0 rows, 0 bytes, 1 WS connections, 2 subscriptions, 0 events, 0 modules
[2025-09-23 16:41:43.645] [info] [48242633] 📈 Server Stats: 0 tables, 0 rows, 0 bytes, 1 WS connections, 2 subscriptions, 0 events, 0 modules
[2025-09-23 16:42:13.767] [info] [48242633] 📈 Server Stats: 0 tables, 0 rows, 0 bytes, 1 WS connections, 2 subscriptions, 0 events, 0 modules
[2025-09-23 16:42:43.887] [info] [48242633] 📈 Server Stats: 0 tables, 0 rows, 0 bytes, 1 WS connections, 2 subscriptions, 0 events, 0 modules
[2025-09-23 16:43:14.004] [info] [48242633] 📈 Server Stats: 0 tables, 0 rows, 0 bytes, 1 WS connections, 2 subscriptions, 0 events, 0 modules
[2025-09-23 16:43:44.126] [info] [48242633] 📈 Server Stats: 0 tables, 0 rows, 0 bytes, 1 WS connections, 2 subscriptions, 0 events, 0 modules
[2025-09-23 16:44:14.242] [info] [48242633] 📈 Server Stats: 0 tables, 0 rows, 0 bytes, 1 WS connections, 2 subscriptions, 0 events, 0 modules
[2025-09-23 16:44:44.355] [info] [48242633] 📈 Server Stats: 0 tables, 0 rows, 0 bytes, 1 WS connections, 2 subscriptions, 0 events, 0 modules
[2025-09-23 16:45:14.466] [info] [48242633] 📈 Server Stats: 0 tables, 0 rows, 0 bytes, 1 WS connections, 2 subscriptions, 0 events, 0 modules
[2025-09-23 16:45:44.576] [info] [48242633] 📈 Server Stats: 0 tables, 0 rows, 0 bytes, 1 WS connections, 2 subscriptions, 0 events, 0 modules
[2025-09-23 16:46:14.682] [info] [48242633] 📈 Server Stats: 0 tables, 0 rows, 0 bytes, 1 WS connections, 2 subscriptions, 0 events, 0 modules
[2025-09-23 16:46:44.786] [info] [48242633] 📈 Server Stats: 0 tables, 0 rows, 0 bytes, 1 WS connections, 2 subscriptions, 0 events, 0 modules
[2025-09-23 16:47:14.908] [info] [48242633] 📈 Server Stats: 0 tables, 0 rows, 0 bytes, 1 WS connections, 2 subscriptions, 0 events, 0 modules
[2025-09-23 16:47:45.020] [info] [48242633] 📈 Server Stats: 0 tables, 0 rows, 0 bytes, 1 WS connections, 2 subscriptions, 0 events, 0 modules
[2025-09-23 16:48:15.132] [info] [48242633] 📈 Server Stats: 0 tables, 0 rows, 0 bytes, 1 WS connections, 2 subscriptions, 0 events, 0 modules
[2025-09-23 16:48:45.253] [info] [48242633] 📈 Server Stats: 0 tables, 0 rows, 0 bytes, 1 WS connections, 2 subscriptions, 0 events, 0 modules
[2025-09-23 16:49:15.362] [info] [48242633] 📈 Server Stats: 0 tables, 0 rows, 0 bytes, 1 WS connections, 2 subscriptions, 0 events, 0 modules
[2025-09-23 16:49:45.476] [info] [48242633] 📈 Server Stats: 0 tables, 0 rows, 0 bytes, 1 WS connections, 2 subscriptions, 0 events, 0 modules
[2025-09-23 16:50:15.585] [info] [48242633] 📈 Server Stats: 0 tables, 0 rows, 0 bytes, 1 WS connections, 2 subscriptions, 0 events, 0 modules
[2025-09-23 16:50:45.701] [info] [48242633] 📈 Server Stats: 0 tables, 0 rows, 0 bytes, 1 WS connections, 2 subscriptions, 0 events, 0 modules
[2025-09-23 16:51:15.806] [info] [48242633] 📈 Server Stats: 0 tables, 0 rows, 0 bytes, 1 WS connections, 2 subscriptions, 0 events, 0 modules
[2025-09-23 16:51:45.914] [info] [48242633] 📈 Server Stats: 0 tables, 0 rows, 0 bytes, 1 WS connections, 2 subscriptions, 0 events, 0 modules
[2025-09-23 16:52:16.036] [info] [48242633] 📈 Server Stats: 0 tables, 0 rows, 0 bytes, 1 WS connections, 2 subscriptions, 0 events, 0 modules
[2025-09-23 16:52:46.136] [info] [48242633] 📈 Server Stats: 0 tables, 0 rows, 0 bytes, 1 WS connections, 2 subscriptions, 0 events, 0 modules
[2025-09-23 16:53:16.242] [info] [48242633] 📈 Server Stats: 0 tables, 0 rows, 0 bytes, 1 WS connections, 2 subscriptions, 0 events, 0 modules
[2025-09-23 16:53:46.339] [info] [48242633] 📈 Server Stats: 0 tables, 0 rows, 0 bytes, 1 WS connections, 2 subscriptions, 0 events, 0 modules
[2025-09-23 16:54:16.446] [info] [48242633] 📈 Server Stats: 0 tables, 0 rows, 0 bytes, 1 WS connections, 2 subscriptions, 0 events, 0 modules
[2025-09-23 16:54:46.546] [info] [48242633] 📈 Server Stats: 0 tables, 0 rows, 0 bytes, 1 WS connections, 2 subscriptions, 0 events, 0 modules
[2025-09-23 16:55:16.654] [info] [48242633] 📈 Server Stats: 0 tables, 0 rows, 0 bytes, 1 WS connections, 2 subscriptions, 0 events, 0 modules
[2025-09-23 16:55:46.755] [info] [48242633] 📈 Server Stats: 0 tables, 0 rows, 0 bytes, 1 WS connections, 2 subscriptions, 0 events, 0 modules
[2025-09-23 16:56:16.857] [info] [48242633] 📈 Server Stats: 0 tables, 0 rows, 0 bytes, 1 WS connections, 2 subscriptions, 0 events, 0 modules
[2025-09-23 16:56:46.956] [info] [48242633] 📈 Server Stats: 0 tables, 0 rows, 0 bytes, 1 WS connections, 2 subscriptions, 0 events, 0 modules
[2025-09-23 16:57:17.061] [info] [48242633] 📈 Server Stats: 0 tables, 0 rows, 0 bytes, 1 WS connections, 2 subscriptions, 0 events, 0 modules
[2025-09-23 16:57:47.145] [info] [48242633] 📈 Server Stats: 0 tables, 0 rows, 0 bytes, 1 WS connections, 2 subscriptions, 0 events, 0 modules
[2025-09-23 16:58:17.246] [info] [48242633] 📈 Server Stats: 0 tables, 0 rows, 0 bytes, 1 WS connections, 2 subscriptions, 0 events, 0 modules
[2025-09-23 16:58:47.348] [info] [48242633] 📈 Server Stats: 0 tables, 0 rows, 0 bytes, 1 WS connections, 2 subscriptions, 0 events, 0 modules
[2025-09-23 16:59:17.451] [info] [48242633] 📈 Server Stats: 0 tables, 0 rows, 0 bytes, 1 WS connections, 2 subscriptions, 0 events, 0 modules
[2025-09-23 16:59:47.552] [info] [48242633] 📈 Server Stats: 0 tables, 0 rows, 0 bytes, 1 WS connections, 2 subscriptions, 0 events, 0 modules
[2025-09-23 17:00:17.652] [info] [48242633] 📈 Server Stats: 0 tables, 0 rows, 0 bytes, 1 WS connections, 2 subscriptions, 0 events, 0 modules
[2025-09-23 17:00:47.753] [info] [48242633] 📈 Server Stats: 0 tables, 0 rows, 0 bytes, 1 WS connections, 2 subscriptions, 0 events, 0 modules
[2025-09-23 17:01:17.863] [info] [48242633] 📈 Server Stats: 0 tables, 0 rows, 0 bytes, 1 WS connections, 2 subscriptions, 0 events, 0 modules
[2025-09-23 17:01:47.975] [info] [48242633] 📈 Server Stats: 0 tables, 0 rows, 0 bytes, 1 WS connections, 2 subscriptions, 0 events, 0 modules
[2025-09-23 17:02:18.079] [info] [48242633] 📈 Server Stats: 0 tables, 0 rows, 0 bytes, 1 WS connections, 2 subscriptions, 0 events, 0 modules
[2025-09-23 17:02:48.181] [info] [48242633] 📈 Server Stats: 0 tables, 0 rows, 0 bytes, 1 WS connections, 2 subscriptions, 0 events, 0 modules
[2025-09-23 17:03:18.285] [info] [48242633] 📈 Server Stats: 0 tables, 0 rows, 0 bytes, 1 WS connections, 2 subscriptions, 0 events, 0 modules
[2025-09-23 17:03:48.379] [info] [48242633] 📈 Server Stats: 0 tables, 0 rows, 0 bytes, 1 WS connections, 2 subscriptions, 0 events, 0 modules
[2025-09-23 17:04:18.464] [info] [48242633] 📈 Server Stats: 0 tables, 0 rows, 0 bytes, 1 WS connections, 2 subscriptions, 0 events, 0 modules
[2025-09-23 17:04:48.557] [info] [48242633] 📈 Server Stats: 0 tables, 0 rows, 0 bytes, 1 WS connections, 2 subscriptions, 0 events, 0 modules
[2025-09-23 17:05:18.658] [info] [48242633] 📈 Server Stats: 0 tables, 0 rows, 0 bytes, 1 WS connections, 2 subscriptions, 0 events, 0 modules
[2025-09-23 17:05:48.747] [info] [48242633] 📈 Server Stats: 0 tables, 0 rows, 0 bytes, 1 WS connections, 2 subscriptions, 0 events, 0 modules
[2025-09-23 17:06:18.851] [info] [48242633] 📈 Server Stats: 0 tables, 0 rows, 0 bytes, 1 WS connections, 2 subscriptions, 0 events, 0 modules
[2025-09-23 17:06:48.927] [info] [48242633] 📈 Server Stats: 0 tables, 0 rows, 0 bytes, 1 WS connections, 2 subscriptions, 0 events, 0 modules
[2025-09-23 17:07:19.032] [info] [48242633] 📈 Server Stats: 0 tables, 0 rows, 0 bytes, 1 WS connections, 2 subscriptions, 0 events, 0 modules
[2025-09-23 17:07:49.130] [info] [48242633] 📈 Server Stats: 0 tables, 0 rows, 0 bytes, 1 WS connections, 2 subscriptions, 0 events, 0 modules
[2025-09-23 17:08:19.226] [info] [48242633] 📈 Server Stats: 0 tables, 0 rows, 0 bytes, 1 WS connections, 2 subscriptions, 0 events, 0 modules
[2025-09-23 17:08:49.324] [info] [48242633] 📈 Server Stats: 0 tables, 0 rows, 0 bytes, 1 WS connections, 2 subscriptions, 0 events, 0 modules
[2025-09-23 17:09:19.427] [info] [48242633] 📈 Server Stats: 0 tables, 0 rows, 0 bytes, 1 WS connections, 2 subscriptions, 0 events, 0 modules
[2025-09-23 17:09:49.546] [info] [48242633] 📈 Server Stats: 0 tables, 0 rows, 0 bytes, 1 WS connections, 2 subscriptions, 0 events, 0 modules
[2025-09-23 17:10:19.666] [info] [48242633] 📈 Server Stats: 0 tables, 0 rows, 0 bytes, 1 WS connections, 2 subscriptions, 0 events, 0 modules
[2025-09-23 17:10:49.773] [info] [48242633] 📈 Server Stats: 0 tables, 0 rows, 0 bytes, 1 WS connections, 2 subscriptions, 0 events, 0 modules
[2025-09-23 17:11:19.900] [info] [48242633] 📈 Server Stats: 0 tables, 0 rows, 0 bytes, 1 WS connections, 2 subscriptions, 0 events, 0 modules
[2025-09-23 17:11:50.001] [info] [48242633] 📈 Server Stats: 0 tables, 0 rows, 0 bytes, 1 WS connections, 2 subscriptions, 0 events, 0 modules
[2025-09-23 17:12:20.113] [info] [48242633] 📈 Server Stats: 0 tables, 0 rows, 0 bytes, 1 WS connections, 2 subscriptions, 0 events, 0 modules
[2025-09-23 17:12:50.235] [info] [48242633] 📈 Server Stats: 0 tables, 0 rows, 0 bytes, 1 WS connections, 2 subscriptions, 0 events, 0 modules
[2025-09-23 17:13:20.355] [info] [48242633] 📈 Server Stats: 0 tables, 0 rows, 0 bytes, 1 WS connections, 2 subscriptions, 0 events, 0 modules
[2025-09-23 17:13:50.473] [info] [48242633] 📈 Server Stats: 0 tables, 0 rows, 0 bytes, 1 WS connections, 2 subscriptions, 0 events, 0 modules
[2025-09-23 17:14:20.590] [info] [48242633] 📈 Server Stats: 0 tables, 0 rows, 0 bytes, 1 WS connections, 2 subscriptions, 0 events, 0 modules
[2025-09-23 17:14:50.706] [info] [48242633] 📈 Server Stats: 0 tables, 0 rows, 0 bytes, 1 WS connections, 2 subscriptions, 0 events, 0 modules
[2025-09-23 17:15:20.823] [info] [48242633] 📈 Server Stats: 0 tables, 0 rows, 0 bytes, 1 WS connections, 2 subscriptions, 0 events, 0 modules
[2025-09-23 17:15:50.934] [info] [48242633] 📈 Server Stats: 0 tables, 0 rows, 0 bytes, 1 WS connections, 2 subscriptions, 0 events, 0 modules
[2025-09-23 17:16:21.038] [info] [48242633] 📈 Server Stats: 0 tables, 0 rows, 0 bytes, 1 WS connections, 2 subscriptions, 0 events, 0 modules
[2025-09-23 17:16:51.146] [info] [48242633] 📈 Server Stats: 0 tables, 0 rows, 0 bytes, 1 WS connections, 2 subscriptions, 0 events, 0 modules
[2025-09-23 17:17:21.243] [info] [48242633] 📈 Server Stats: 0 tables, 0 rows, 0 bytes, 1 WS connections, 2 subscriptions, 0 events, 0 modules
[2025-09-23 17:17:51.353] [info] [48242633] 📈 Server Stats: 0 tables, 0 rows, 0 bytes, 1 WS connections, 2 subscriptions, 0 events, 0 modules
[2025-09-23 17:18:21.465] [info] [48242633] 📈 Server Stats: 0 tables, 0 rows, 0 bytes, 1 WS connections, 2 subscriptions, 0 events, 0 modules
[2025-09-23 17:18:51.571] [info] [48242633] 📈 Server Stats: 0 tables, 0 rows, 0 bytes, 1 WS connections, 2 subscriptions, 0 events, 0 modules
[2025-09-23 17:19:21.685] [info] [48242633] 📈 Server Stats: 0 tables, 0 rows, 0 bytes, 1 WS connections, 2 subscriptions, 0 events, 0 modules
[2025-09-23 17:19:51.800] [info] [48242633] 📈 Server Stats: 0 tables, 0 rows, 0 bytes, 1 WS connections, 2 subscriptions, 0 events, 0 modules
[2025-09-23 17:20:21.908] [info] [48242633] 📈 Server Stats: 0 tables, 0 rows, 0 bytes, 1 WS connections, 2 subscriptions, 0 events, 0 modules
[2025-09-23 17:20:52.021] [info] [48242633] 📈 Server Stats: 0 tables, 0 rows, 0 bytes, 1 WS connections, 2 subscriptions, 0 events, 0 modules
[2025-09-23 17:21:22.145] [info] [48242633] 📈 Server Stats: 0 tables, 0 rows, 0 bytes, 1 WS connections, 2 subscriptions, 0 events, 0 modules
[2025-09-23 17:21:52.281] [info] [48242633] 📈 Server Stats: 0 tables, 0 rows, 0 bytes, 1 WS connections, 2 subscriptions, 0 events, 0 modules
[2025-09-23 17:22:22.384] [info] [48242633] 📈 Server Stats: 0 tables, 0 rows, 0 bytes, 1 WS connections, 2 subscriptions, 0 events, 0 modules
